2015-07-13 21:28:11,777 - Log4JLogChute initialized using file 'velocity.log'
2015-07-13 21:28:11,778 - Initializing Velocity, Calling init()...
2015-07-13 21:28:11,778 - Starting Apache Velocity v1.7 (compiled: 2010-11-19 12:14:37)
2015-07-13 21:28:11,778 - Default Properties File: org\apache\velocity\runtime\defaults\velocity.properties
2015-07-13 21:28:11,778 - Trying to use logger class org.apache.velocity.runtime.log.AvalonLogChute
2015-07-13 21:28:11,778 - Target log system for org.apache.velocity.runtime.log.AvalonLogChute is not available (java.lang.NoClassDefFoundError: org/apache/log/format/Formatter).  Falling back to next log system...
2015-07-13 21:28:11,778 - Trying to use logger class org.apache.velocity.runtime.log.Log4JLogChute
2015-07-13 21:28:11,778 - Using logger class org.apache.velocity.runtime.log.Log4JLogChute
2015-07-13 21:28:11,782 - DataSourceResourceLoader: using dataSource instance with table "tb_velocity_template"
2015-07-13 21:28:11,782 - DataSourceResourceLoader: using columns "id_template", "template_definition" and "template_timestamp"
2015-07-13 21:28:11,796 - ResourceCache: initialized (class org.apache.velocity.runtime.resource.ResourceCacheImpl) with class java.util.Collections$SynchronizedMap cache map.
2015-07-13 21:28:11,798 - Loaded System Directive: org.apache.velocity.runtime.directive.Stop
2015-07-13 21:28:11,801 - Loaded System Directive: org.apache.velocity.runtime.directive.Define
2015-07-13 21:28:11,802 - Loaded System Directive: org.apache.velocity.runtime.directive.Break
2015-07-13 21:28:11,803 - Loaded System Directive: org.apache.velocity.runtime.directive.Evaluate
2015-07-13 21:28:11,804 - Loaded System Directive: org.apache.velocity.runtime.directive.Literal
2015-07-13 21:28:11,807 - Loaded System Directive: org.apache.velocity.runtime.directive.Macro
2015-07-13 21:28:11,809 - Loaded System Directive: org.apache.velocity.runtime.directive.Parse
2015-07-13 21:28:11,811 - Loaded System Directive: org.apache.velocity.runtime.directive.Include
2015-07-13 21:28:11,813 - Loaded System Directive: org.apache.velocity.runtime.directive.Foreach
2015-07-13 21:28:11,858 - Created '20' parsers.
2015-07-13 21:28:11,866 - Velocimacro : "velocimacro.library" is not set.  Trying default library: VM_global_library.vm
2015-07-13 21:28:12,288 - Could not load resource 'VM_global_library.vm' from ResourceLoader org.apache.velocity.runtime.resource.loader.DataSourceResourceLoader: DataSourceResourceLoader: could not find resource 'VM_global_library.vm'
2015-07-13 21:28:12,289 - Velocimacro : Default library not found.
2015-07-13 21:28:12,289 - Velocimacro : allowInline = true : VMs can be defined inline in templates
2015-07-13 21:28:12,289 - Velocimacro : allowInlineToOverride = false : VMs defined inline may NOT replace previous VM definitions
2015-07-13 21:28:12,289 - Velocimacro : allowInlineLocal = false : VMs defined inline will be global in scope if allowed.
2015-07-13 21:28:12,289 - Velocimacro : autoload off : VM system will not automatically reload global library macros
2015-07-13 21:28:12,299 - ResourceManager : found helloworld.vm with loader org.apache.velocity.runtime.resource.ResourceCacheImpl
2015-07-13 21:28:46,421 - Log4JLogChute initialized using file 'velocity.log'
2015-07-13 21:28:46,422 - Initializing Velocity, Calling init()...
2015-07-13 21:28:46,422 - Starting Apache Velocity v1.7 (compiled: 2010-11-19 12:14:37)
2015-07-13 21:28:46,422 - Default Properties File: org\apache\velocity\runtime\defaults\velocity.properties
2015-07-13 21:28:46,422 - Trying to use logger class org.apache.velocity.runtime.log.AvalonLogChute
2015-07-13 21:28:46,422 - Target log system for org.apache.velocity.runtime.log.AvalonLogChute is not available (java.lang.NoClassDefFoundError: org/apache/log/format/Formatter).  Falling back to next log system...
2015-07-13 21:28:46,422 - Trying to use logger class org.apache.velocity.runtime.log.Log4JLogChute
2015-07-13 21:28:46,422 - Using logger class org.apache.velocity.runtime.log.Log4JLogChute
2015-07-13 21:28:46,425 - DataSourceResourceLoader: using dataSource instance with table "tb_velocity_template"
2015-07-13 21:28:46,425 - DataSourceResourceLoader: using columns "id_template", "template_definition" and "template_timestamp"
2015-07-13 21:28:46,434 - ResourceCache: initialized (class org.apache.velocity.runtime.resource.ResourceCacheImpl) with class java.util.Collections$SynchronizedMap cache map.
2015-07-13 21:28:46,436 - Loaded System Directive: org.apache.velocity.runtime.directive.Stop
2015-07-13 21:28:46,437 - Loaded System Directive: org.apache.velocity.runtime.directive.Define
2015-07-13 21:28:46,438 - Loaded System Directive: org.apache.velocity.runtime.directive.Break
2015-07-13 21:28:46,439 - Loaded System Directive: org.apache.velocity.runtime.directive.Evaluate
2015-07-13 21:28:46,439 - Loaded System Directive: org.apache.velocity.runtime.directive.Literal
2015-07-13 21:28:46,440 - Loaded System Directive: org.apache.velocity.runtime.directive.Macro
2015-07-13 21:28:46,441 - Loaded System Directive: org.apache.velocity.runtime.directive.Parse
2015-07-13 21:28:46,443 - Loaded System Directive: org.apache.velocity.runtime.directive.Include
2015-07-13 21:28:46,443 - Loaded System Directive: org.apache.velocity.runtime.directive.Foreach
2015-07-13 21:28:46,468 - Created '20' parsers.
2015-07-13 21:28:46,474 - Velocimacro : "velocimacro.library" is not set.  Trying default library: VM_global_library.vm
2015-07-13 21:28:46,846 - Could not load resource 'VM_global_library.vm' from ResourceLoader org.apache.velocity.runtime.resource.loader.DataSourceResourceLoader: DataSourceResourceLoader: could not find resource 'VM_global_library.vm'
2015-07-13 21:28:46,846 - Velocimacro : Default library not found.
2015-07-13 21:28:46,846 - Velocimacro : allowInline = true : VMs can be defined inline in templates
2015-07-13 21:28:46,846 - Velocimacro : allowInlineToOverride = false : VMs defined inline may NOT replace previous VM definitions
2015-07-13 21:28:46,846 - Velocimacro : allowInlineLocal = false : VMs defined inline will be global in scope if allowed.
2015-07-13 21:28:46,846 - Velocimacro : autoload off : VM system will not automatically reload global library macros
2015-07-13 21:28:46,857 - ResourceManager : found helloworld.vm with loader org.apache.velocity.runtime.resource.ResourceCacheImpl
2015-07-13 21:30:13,301 - Log4JLogChute initialized using file 'velocity.log'
2015-07-13 21:30:13,301 - Initializing Velocity, Calling init()...
2015-07-13 21:30:13,301 - Starting Apache Velocity v1.7 (compiled: 2010-11-19 12:14:37)
2015-07-13 21:30:13,301 - Default Properties File: org\apache\velocity\runtime\defaults\velocity.properties
2015-07-13 21:30:13,301 - Trying to use logger class org.apache.velocity.runtime.log.AvalonLogChute
2015-07-13 21:30:13,301 - Target log system for org.apache.velocity.runtime.log.AvalonLogChute is not available (java.lang.NoClassDefFoundError: org/apache/log/format/Formatter).  Falling back to next log system...
2015-07-13 21:30:13,301 - Trying to use logger class org.apache.velocity.runtime.log.Log4JLogChute
2015-07-13 21:30:13,301 - Using logger class org.apache.velocity.runtime.log.Log4JLogChute
2015-07-13 21:30:13,305 - DataSourceResourceLoader: using dataSource instance with table "tb_velocity_template"
2015-07-13 21:30:13,305 - DataSourceResourceLoader: using columns "id_template", "template_definition" and "template_timestamp"
2015-07-13 21:30:13,314 - ResourceCache: initialized (class org.apache.velocity.runtime.resource.ResourceCacheImpl) with class java.util.Collections$SynchronizedMap cache map.
2015-07-13 21:30:13,316 - Loaded System Directive: org.apache.velocity.runtime.directive.Stop
2015-07-13 21:30:13,317 - Loaded System Directive: org.apache.velocity.runtime.directive.Define
2015-07-13 21:30:13,318 - Loaded System Directive: org.apache.velocity.runtime.directive.Break
2015-07-13 21:30:13,319 - Loaded System Directive: org.apache.velocity.runtime.directive.Evaluate
2015-07-13 21:30:13,320 - Loaded System Directive: org.apache.velocity.runtime.directive.Literal
2015-07-13 21:30:13,321 - Loaded System Directive: org.apache.velocity.runtime.directive.Macro
2015-07-13 21:30:13,322 - Loaded System Directive: org.apache.velocity.runtime.directive.Parse
2015-07-13 21:30:13,324 - Loaded System Directive: org.apache.velocity.runtime.directive.Include
2015-07-13 21:30:13,325 - Loaded System Directive: org.apache.velocity.runtime.directive.Foreach
2015-07-13 21:30:13,352 - Created '20' parsers.
2015-07-13 21:30:13,358 - Velocimacro : "velocimacro.library" is not set.  Trying default library: VM_global_library.vm
2015-07-13 21:30:13,696 - Could not load resource 'VM_global_library.vm' from ResourceLoader org.apache.velocity.runtime.resource.loader.DataSourceResourceLoader: DataSourceResourceLoader: could not find resource 'VM_global_library.vm'
2015-07-13 21:30:13,696 - Velocimacro : Default library not found.
2015-07-13 21:30:13,696 - Velocimacro : allowInline = true : VMs can be defined inline in templates
2015-07-13 21:30:13,696 - Velocimacro : allowInlineToOverride = false : VMs defined inline may NOT replace previous VM definitions
2015-07-13 21:30:13,696 - Velocimacro : allowInlineLocal = false : VMs defined inline will be global in scope if allowed.
2015-07-13 21:30:13,696 - Velocimacro : autoload off : VM system will not automatically reload global library macros
2015-07-13 21:30:13,706 - ResourceManager : found helloworld.vm with loader org.apache.velocity.runtime.resource.ResourceCacheImpl
2015-07-13 21:30:48,576 - Log4JLogChute initialized using file 'velocity.log'
2015-07-13 21:30:48,577 - Initializing Velocity, Calling init()...
2015-07-13 21:30:48,577 - Starting Apache Velocity v1.7 (compiled: 2010-11-19 12:14:37)
2015-07-13 21:30:48,577 - Default Properties File: org\apache\velocity\runtime\defaults\velocity.properties
2015-07-13 21:30:48,577 - Trying to use logger class org.apache.velocity.runtime.log.AvalonLogChute
2015-07-13 21:30:48,578 - Target log system for org.apache.velocity.runtime.log.AvalonLogChute is not available (java.lang.NoClassDefFoundError: org/apache/log/format/Formatter).  Falling back to next log system...
2015-07-13 21:30:48,578 - Trying to use logger class org.apache.velocity.runtime.log.Log4JLogChute
2015-07-13 21:30:48,578 - Using logger class org.apache.velocity.runtime.log.Log4JLogChute
2015-07-13 21:30:48,583 - DataSourceResourceLoader: using dataSource instance with table "tb_velocity_template"
2015-07-13 21:30:48,583 - DataSourceResourceLoader: using columns "id_template", "template_definition" and "template_timestamp"
2015-07-13 21:30:48,598 - ResourceCache: initialized (class org.apache.velocity.runtime.resource.ResourceCacheImpl) with class java.util.Collections$SynchronizedMap cache map.
2015-07-13 21:30:48,600 - Loaded System Directive: org.apache.velocity.runtime.directive.Stop
2015-07-13 21:30:48,603 - Loaded System Directive: org.apache.velocity.runtime.directive.Define
2015-07-13 21:30:48,604 - Loaded System Directive: org.apache.velocity.runtime.directive.Break
2015-07-13 21:30:48,605 - Loaded System Directive: org.apache.velocity.runtime.directive.Evaluate
2015-07-13 21:30:48,606 - Loaded System Directive: org.apache.velocity.runtime.directive.Literal
2015-07-13 21:30:48,608 - Loaded System Directive: org.apache.velocity.runtime.directive.Macro
2015-07-13 21:30:48,611 - Loaded System Directive: org.apache.velocity.runtime.directive.Parse
2015-07-13 21:30:48,613 - Loaded System Directive: org.apache.velocity.runtime.directive.Include
2015-07-13 21:30:48,614 - Loaded System Directive: org.apache.velocity.runtime.directive.Foreach
2015-07-13 21:30:48,654 - Created '20' parsers.
2015-07-13 21:30:48,660 - Velocimacro : "velocimacro.library" is not set.  Trying default library: VM_global_library.vm
2015-07-13 21:30:49,037 - Could not load resource 'VM_global_library.vm' from ResourceLoader org.apache.velocity.runtime.resource.loader.DataSourceResourceLoader: DataSourceResourceLoader: could not find resource 'VM_global_library.vm'
2015-07-13 21:30:49,037 - Velocimacro : Default library not found.
2015-07-13 21:30:49,037 - Velocimacro : allowInline = true : VMs can be defined inline in templates
2015-07-13 21:30:49,037 - Velocimacro : allowInlineToOverride = false : VMs defined inline may NOT replace previous VM definitions
2015-07-13 21:30:49,037 - Velocimacro : allowInlineLocal = false : VMs defined inline will be global in scope if allowed.
2015-07-13 21:30:49,037 - Velocimacro : autoload off : VM system will not automatically reload global library macros
2015-07-13 21:30:49,049 - ResourceManager : found helloworld.vm with loader org.apache.velocity.runtime.resource.ResourceCacheImpl
2015-07-13 21:54:50,851 - Log4JLogChute initialized using file 'velocity.log'
2015-07-13 21:54:50,852 - Initializing Velocity, Calling init()...
2015-07-13 21:54:50,852 - Starting Apache Velocity v1.7 (compiled: 2010-11-19 12:14:37)
2015-07-13 21:54:50,852 - Default Properties File: org\apache\velocity\runtime\defaults\velocity.properties
2015-07-13 21:54:50,852 - Trying to use logger class org.apache.velocity.runtime.log.AvalonLogChute
2015-07-13 21:54:50,852 - Target log system for org.apache.velocity.runtime.log.AvalonLogChute is not available (java.lang.NoClassDefFoundError: org/apache/log/format/Formatter).  Falling back to next log system...
2015-07-13 21:54:50,852 - Trying to use logger class org.apache.velocity.runtime.log.Log4JLogChute
2015-07-13 21:54:50,852 - Using logger class org.apache.velocity.runtime.log.Log4JLogChute
2015-07-13 21:54:50,855 - DataSourceResourceLoader: using dataSource instance with table "tb_velocity_template"
2015-07-13 21:54:50,855 - DataSourceResourceLoader: using columns "id_template", "template_definition" and "template_timestamp"
2015-07-13 21:54:50,865 - ResourceCache: initialized (class org.apache.velocity.runtime.resource.ResourceCacheImpl) with class java.util.Collections$SynchronizedMap cache map.
2015-07-13 21:54:50,867 - Loaded System Directive: org.apache.velocity.runtime.directive.Stop
2015-07-13 21:54:50,869 - Loaded System Directive: org.apache.velocity.runtime.directive.Define
2015-07-13 21:54:50,870 - Loaded System Directive: org.apache.velocity.runtime.directive.Break
2015-07-13 21:54:50,872 - Loaded System Directive: org.apache.velocity.runtime.directive.Evaluate
2015-07-13 21:54:50,873 - Loaded System Directive: org.apache.velocity.runtime.directive.Literal
2015-07-13 21:54:50,875 - Loaded System Directive: org.apache.velocity.runtime.directive.Macro
2015-07-13 21:54:50,878 - Loaded System Directive: org.apache.velocity.runtime.directive.Parse
2015-07-13 21:54:50,880 - Loaded System Directive: org.apache.velocity.runtime.directive.Include
2015-07-13 21:54:50,882 - Loaded System Directive: org.apache.velocity.runtime.directive.Foreach
2015-07-13 21:54:50,923 - Created '20' parsers.
2015-07-13 21:54:50,932 - Velocimacro : "velocimacro.library" is not set.  Trying default library: VM_global_library.vm
2015-07-13 21:54:53,095 - Could not load resource 'VM_global_library.vm' from ResourceLoader org.apache.velocity.runtime.resource.loader.DataSourceResourceLoader: DataSourceResourceLoader: could not find resource 'VM_global_library.vm'
2015-07-13 21:54:53,095 - Velocimacro : Default library not found.
2015-07-13 21:54:53,095 - Velocimacro : allowInline = true : VMs can be defined inline in templates
2015-07-13 21:54:53,095 - Velocimacro : allowInlineToOverride = false : VMs defined inline may NOT replace previous VM definitions
2015-07-13 21:54:53,095 - Velocimacro : allowInlineLocal = false : VMs defined inline will be global in scope if allowed.
2015-07-13 21:54:53,095 - Velocimacro : autoload off : VM system will not automatically reload global library macros
2015-07-13 21:54:53,211 - ResourceManager : found helloworld.vm with loader org.apache.velocity.runtime.resource.ResourceCacheImpl
2015-07-14 22:29:15,975 - Log4JLogChute initialized using file 'velocity.log'
2015-07-14 22:29:15,998 - Initializing Velocity, Calling init()...
2015-07-14 22:29:15,998 - Starting Apache Velocity v1.7 (compiled: 2010-11-19 12:14:37)
2015-07-14 22:29:15,999 - Default Properties File: org\apache\velocity\runtime\defaults\velocity.properties
2015-07-14 22:29:15,999 - Trying to use logger class org.apache.velocity.runtime.log.AvalonLogChute
2015-07-14 22:29:15,999 - Target log system for org.apache.velocity.runtime.log.AvalonLogChute is not available (java.lang.NoClassDefFoundError: org/apache/log/format/Formatter).  Falling back to next log system...
2015-07-14 22:29:15,999 - Trying to use logger class org.apache.velocity.runtime.log.Log4JLogChute
2015-07-14 22:29:15,999 - Using logger class org.apache.velocity.runtime.log.Log4JLogChute
2015-07-14 22:29:16,026 - DataSourceResourceLoader: using dataSource instance with table "tb_velocity_template"
2015-07-14 22:29:16,026 - DataSourceResourceLoader: using columns "id_template", "template_definition" and "template_timestamp"
2015-07-14 22:29:16,062 - ResourceCache: initialized (class org.apache.velocity.runtime.resource.ResourceCacheImpl) with class java.util.Collections$SynchronizedMap cache map.
2015-07-14 22:29:16,085 - Loaded System Directive: org.apache.velocity.runtime.directive.Stop
2015-07-14 22:29:16,088 - Loaded System Directive: org.apache.velocity.runtime.directive.Define
2015-07-14 22:29:16,090 - Loaded System Directive: org.apache.velocity.runtime.directive.Break
2015-07-14 22:29:16,091 - Loaded System Directive: org.apache.velocity.runtime.directive.Evaluate
2015-07-14 22:29:16,092 - Loaded System Directive: org.apache.velocity.runtime.directive.Literal
2015-07-14 22:29:16,094 - Loaded System Directive: org.apache.velocity.runtime.directive.Macro
2015-07-14 22:29:16,096 - Loaded System Directive: org.apache.velocity.runtime.directive.Parse
2015-07-14 22:29:16,098 - Loaded System Directive: org.apache.velocity.runtime.directive.Include
2015-07-14 22:29:16,100 - Loaded System Directive: org.apache.velocity.runtime.directive.Foreach
2015-07-14 22:29:16,174 - Created '20' parsers.
2015-07-14 22:29:16,188 - Velocimacro : "velocimacro.library" is not set.  Trying default library: VM_global_library.vm
2015-07-14 22:29:18,430 - Could not load resource 'VM_global_library.vm' from ResourceLoader org.apache.velocity.runtime.resource.loader.DataSourceResourceLoader: DataSourceResourceLoader: could not find resource 'VM_global_library.vm'
2015-07-14 22:29:18,430 - Velocimacro : Default library not found.
2015-07-14 22:29:18,430 - Velocimacro : allowInline = true : VMs can be defined inline in templates
2015-07-14 22:29:18,430 - Velocimacro : allowInlineToOverride = false : VMs defined inline may NOT replace previous VM definitions
2015-07-14 22:29:18,430 - Velocimacro : allowInlineLocal = false : VMs defined inline will be global in scope if allowed.
2015-07-14 22:29:18,430 - Velocimacro : autoload off : VM system will not automatically reload global library macros
2015-07-14 22:29:18,512 - ResourceManager : found helloworld.vm with loader org.apache.velocity.runtime.resource.ResourceCacheImpl
